Warning: ignoring unsupported tag `ALLOW_UNICODE_NAMES    =' at line 79, file /home/travis/build/a2198699s/pitch-perfector/Doxyfile
Warning: ignoring unsupported tag `OUTPUT_TEXT_DIRECTION  =' at line 102, file /home/travis/build/a2198699s/pitch-perfector/Doxyfile
Warning: ignoring unsupported tag `JAVADOC_BANNER         =' at line 208, file /home/travis/build/a2198699s/pitch-perfector/Doxyfile
Warning: ignoring unsupported tag `OPTIMIZE_OUTPUT_SLICE  =' at line 300, file /home/travis/build/a2198699s/pitch-perfector/Doxyfile
Warning: ignoring unsupported tag `TOC_INCLUDE_HEADINGS   =' at line 339, file /home/travis/build/a2198699s/pitch-perfector/Doxyfile
Warning: ignoring unsupported tag `GROUP_NESTED_COMPOUNDS =' at line 396, file /home/travis/build/a2198699s/pitch-perfector/Doxyfile
Warning: ignoring unsupported tag `EXTRACT_PRIV_VIRTUAL   =' at line 476, file /home/travis/build/a2198699s/pitch-perfector/Doxyfile
Warning: ignoring unsupported tag `HIDE_COMPOUND_REFERENCE=' at line 573, file /home/travis/build/a2198699s/pitch-perfector/Doxyfile
Warning: ignoring unsupported tag `WARN_AS_ERROR          =' at line 798, file /home/travis/build/a2198699s/pitch-perfector/Doxyfile
Warning: ignoring unsupported tag `HTML_DYNAMIC_MENUS     =' at line 1274, file /home/travis/build/a2198699s/pitch-perfector/Doxyfile
Warning: ignoring unsupported tag `HTML_FORMULA_FORMAT    =' at line 1546, file /home/travis/build/a2198699s/pitch-perfector/Doxyfile
Warning: ignoring unsupported tag `FORMULA_MACROFILE      =' at line 1572, file /home/travis/build/a2198699s/pitch-perfector/Doxyfile
Warning: ignoring unsupported tag `LATEX_MAKEINDEX_CMD    =' at line 1756, file /home/travis/build/a2198699s/pitch-perfector/Doxyfile
Warning: ignoring unsupported tag `LATEX_EXTRA_STYLESHEET =' at line 1823, file /home/travis/build/a2198699s/pitch-perfector/Doxyfile
Warning: ignoring unsupported tag `LATEX_TIMESTAMP        =' at line 1890, file /home/travis/build/a2198699s/pitch-perfector/Doxyfile
Warning: ignoring unsupported tag `LATEX_EMOJI_DIRECTORY  =' at line 1898, file /home/travis/build/a2198699s/pitch-perfector/Doxyfile
Warning: ignoring unsupported tag `RTF_SOURCE_CODE        =' at line 1964, file /home/travis/build/a2198699s/pitch-perfector/Doxyfile
Warning: ignoring unsupported tag `MAN_SUBDIR             =' at line 1999, file /home/travis/build/a2198699s/pitch-perfector/Doxyfile
Warning: ignoring unsupported tag `XML_NS_MEMB_FILE_SCOPE =' at line 2042, file /home/travis/build/a2198699s/pitch-perfector/Doxyfile
Warning: ignoring unsupported tag `DOCBOOK_PROGRAMLISTING =' at line 2069, file /home/travis/build/a2198699s/pitch-perfector/Doxyfile
Warning: ignoring unsupported tag `PLANTUML_JAR_PATH      =' at line 2483, file /home/travis/build/a2198699s/pitch-perfector/Doxyfile
Warning: ignoring unsupported tag `PLANTUML_CFG_FILE      =' at line 2488, file /home/travis/build/a2198699s/pitch-perfector/Doxyfile
Warning: ignoring unsupported tag `PLANTUML_INCLUDE_PATH  =' at line 2493, file /home/travis/build/a2198699s/pitch-perfector/Doxyfile
Searching for include files...
Searching for example files...
Searching for images...
Searching for dot files...
Searching for msc files...
Searching for dia files...
Searching for files to exclude
Searching for files to process...
Searching for files in directory /home/travis/build/a2198699s/pitch-perfector/Code
Searching for files in directory /home/travis/build/a2198699s/pitch-perfector/Code/classfiles
Searching for files in directory /home/travis/build/a2198699s/pitch-perfector/Code/classfiles/CMakeFiles
Searching for files in directory /home/travis/build/a2198699s/pitch-perfector/Code/classfiles/CMakeFiles/classfiles.dir
Searching for files in directory /home/travis/build/a2198699s/pitch-perfector/Code/fft_object
Searching for files in directory /home/travis/build/a2198699s/pitch-perfector/Code/fft_object/CMakeFiles
Searching for files in directory /home/travis/build/a2198699s/pitch-perfector/Code/fft_object/CMakeFiles/target.dir
Searching for files in directory /home/travis/build/a2198699s/pitch-perfector/Code/oopvocoder
Searching for files in directory /home/travis/build/a2198699s/pitch-perfector/Code/oopvocoder/testSuite
Searching for files in directory /home/travis/build/a2198699s/pitch-perfector/Code/rtaudio_probes
Searching for files in directory /home/travis/build/a2198699s/pitch-perfector/Code/rtaudio_probes/probe_api
Searching for files in directory /home/travis/build/a2198699s/pitch-perfector/Code/rtaudio_probes/probe_devices
Reading and parsing tag files
Parsing files
Preprocessing /home/travis/build/a2198699s/pitch-perfector/Code/classfiles/CMakeLists.txt...
Parsing file /home/travis/build/a2198699s/pitch-perfector/Code/classfiles/CMakeLists.txt...
Preprocessing /home/travis/build/a2198699s/pitch-perfector/Code/classfiles/dispatch.cpp...
Parsing file /home/travis/build/a2198699s/pitch-perfector/Code/classfiles/dispatch.cpp...
Preprocessing /home/travis/build/a2198699s/pitch-perfector/Code/classfiles/dispatch.h...
Parsing file /home/travis/build/a2198699s/pitch-perfector/Code/classfiles/dispatch.h...
Preprocessing /home/travis/build/a2198699s/pitch-perfector/Code/classfiles/fft.cpp...
Parsing file /home/travis/build/a2198699s/pitch-perfector/Code/classfiles/fft.cpp...
Preprocessing /home/travis/build/a2198699s/pitch-perfector/Code/classfiles/fft.h...
Parsing file /home/travis/build/a2198699s/pitch-perfector/Code/classfiles/fft.h...
Preprocessing /home/travis/build/a2198699s/pitch-perfector/Code/classfiles/fulltest.cpp...
Parsing file /home/travis/build/a2198699s/pitch-perfector/Code/classfiles/fulltest.cpp...
Preprocessing /home/travis/build/a2198699s/pitch-perfector/Code/classfiles/vocoder.cpp...
Parsing file /home/travis/build/a2198699s/pitch-perfector/Code/classfiles/vocoder.cpp...
Preprocessing /home/travis/build/a2198699s/pitch-perfector/Code/classfiles/vocoder.h...
Parsing file /home/travis/build/a2198699s/pitch-perfector/Code/classfiles/vocoder.h...
Preprocessing /home/travis/build/a2198699s/pitch-perfector/Code/fft_object/audioStreamer.cpp...
Parsing file /home/travis/build/a2198699s/pitch-perfector/Code/fft_object/audioStreamer.cpp...
Preprocessing /home/travis/build/a2198699s/pitch-perfector/Code/fft_object/audioStreamer.h...
Parsing file /home/travis/build/a2198699s/pitch-perfector/Code/fft_object/audioStreamer.h...
Preprocessing /home/travis/build/a2198699s/pitch-perfector/Code/fft_object/CMakeLists.txt...
Parsing file /home/travis/build/a2198699s/pitch-perfector/Code/fft_object/CMakeLists.txt...
Preprocessing /home/travis/build/a2198699s/pitch-perfector/Code/fft_object/fft.cpp...
Parsing file /home/travis/build/a2198699s/pitch-perfector/Code/fft_object/fft.cpp...
Preprocessing /home/travis/build/a2198699s/pitch-perfector/Code/fft_object/fft.h...
Parsing file /home/travis/build/a2198699s/pitch-perfector/Code/fft_object/fft.h...
Preprocessing /home/travis/build/a2198699s/pitch-perfector/Code/fft_object/helper.cpp...
Parsing file /home/travis/build/a2198699s/pitch-perfector/Code/fft_object/helper.cpp...
Preprocessing /home/travis/build/a2198699s/pitch-perfector/Code/fft_object/helper.h...
Parsing file /home/travis/build/a2198699s/pitch-perfector/Code/fft_object/helper.h...
Preprocessing /home/travis/build/a2198699s/pitch-perfector/Code/fft_object/Iir.h...
Parsing file /home/travis/build/a2198699s/pitch-perfector/Code/fft_object/Iir.h...
Preprocessing /home/travis/build/a2198699s/pitch-perfector/Code/fft_object/main.cpp...
Parsing file /home/travis/build/a2198699s/pitch-perfector/Code/fft_object/main.cpp...
Preprocessing /home/travis/build/a2198699s/pitch-perfector/Code/fft_object/vocoder.cpp...
Parsing file /home/travis/build/a2198699s/pitch-perfector/Code/fft_object/vocoder.cpp...
Preprocessing /home/travis/build/a2198699s/pitch-perfector/Code/fft_object/vocoder.h...
Parsing file /home/travis/build/a2198699s/pitch-perfector/Code/fft_object/vocoder.h...
Preprocessing /home/travis/build/a2198699s/pitch-perfector/Code/fft_object/window.cpp...
Parsing file /home/travis/build/a2198699s/pitch-perfector/Code/fft_object/window.cpp...
Preprocessing /home/travis/build/a2198699s/pitch-perfector/Code/fft_object/window.h...
Parsing file /home/travis/build/a2198699s/pitch-perfector/Code/fft_object/window.h...
Preprocessing /home/travis/build/a2198699s/pitch-perfector/Code/oopvocoder/fft.cpp...
Parsing file /home/travis/build/a2198699s/pitch-perfector/Code/oopvocoder/fft.cpp...
Preprocessing /home/travis/build/a2198699s/pitch-perfector/Code/oopvocoder/fft.h...
Parsing file /home/travis/build/a2198699s/pitch-perfector/Code/oopvocoder/fft.h...
Preprocessing /home/travis/build/a2198699s/pitch-perfector/Code/oopvocoder/testSuite/fft.cpp...
Parsing file /home/travis/build/a2198699s/pitch-perfector/Code/oopvocoder/testSuite/fft.cpp...
Preprocessing /home/travis/build/a2198699s/pitch-perfector/Code/oopvocoder/testSuite/fft.h...
Parsing file /home/travis/build/a2198699s/pitch-perfector/Code/oopvocoder/testSuite/fft.h...
Preprocessing /home/travis/build/a2198699s/pitch-perfector/Code/oopvocoder/testSuite/inverseOut.txt...
Parsing file /home/travis/build/a2198699s/pitch-perfector/Code/oopvocoder/testSuite/inverseOut.txt...
Preprocessing /home/travis/build/a2198699s/pitch-perfector/Code/oopvocoder/testSuite/real_spect.txt...
Parsing file /home/travis/build/a2198699s/pitch-perfector/Code/oopvocoder/testSuite/real_spect.txt...
Preprocessing /home/travis/build/a2198699s/pitch-perfector/Code/oopvocoder/testSuite/spectIn.txt...
Parsing file /home/travis/build/a2198699s/pitch-perfector/Code/oopvocoder/testSuite/spectIn.txt...
Preprocessing /home/travis/build/a2198699s/pitch-perfector/Code/oopvocoder/testSuite/spectOut.txt...
Parsing file /home/travis/build/a2198699s/pitch-perfector/Code/oopvocoder/testSuite/spectOut.txt...
Reading /home/travis/build/a2198699s/pitch-perfector/Code/oopvocoder/testSuite/test_plotter.py...
Parsing file /home/travis/build/a2198699s/pitch-perfector/Code/oopvocoder/testSuite/test_plotter.py...
Preprocessing /home/travis/build/a2198699s/pitch-perfector/Code/oopvocoder/testSuite/test_vocoder.cpp...
Parsing file /home/travis/build/a2198699s/pitch-perfector/Code/oopvocoder/testSuite/test_vocoder.cpp...
Preprocessing /home/travis/build/a2198699s/pitch-perfector/Code/oopvocoder/testSuite/timesig.txt...
Parsing file /home/travis/build/a2198699s/pitch-perfector/Code/oopvocoder/testSuite/timesig.txt...
Preprocessing /home/travis/build/a2198699s/pitch-perfector/Code/oopvocoder/testSuite/vocoder.cpp...
Parsing file /home/travis/build/a2198699s/pitch-perfector/Code/oopvocoder/testSuite/vocoder.cpp...
Preprocessing /home/travis/build/a2198699s/pitch-perfector/Code/oopvocoder/testSuite/vocoder.h...
Parsing file /home/travis/build/a2198699s/pitch-perfector/Code/oopvocoder/testSuite/vocoder.h...
Preprocessing /home/travis/build/a2198699s/pitch-perfector/Code/oopvocoder/vocoder.cpp...
Parsing file /home/travis/build/a2198699s/pitch-perfector/Code/oopvocoder/vocoder.cpp...
Preprocessing /home/travis/build/a2198699s/pitch-perfector/Code/oopvocoder/vocoder.h...
Parsing file /home/travis/build/a2198699s/pitch-perfector/Code/oopvocoder/vocoder.h...
Preprocessing /home/travis/build/a2198699s/pitch-perfector/Code/oopvocoder/vocoding.cpp../home/travis/build/a2198699s/pitch-perfector/Code/oopvocoder/fft.h:16: warning: Compound Dispatch is not documented.
/home/travis/build/a2198699s/pitch-perfector/Code/fft_object/fft.h:32: warning: Compound Dispatch is not documented.
/home/travis/build/a2198699s/pitch-perfector/Code/fft_object/window.h:15: warning: Compound Window is not documented.
/home/travis/build/a2198699s/pitch-perfector/Code/fft_object/audioStreamer.h:9: warning: Compound audioStreamer is not documented.
/home/travis/build/a2198699s/pitch-perfector/Code/fft_object/vocoder.h:9: warning: Compound Vocoder is not documented.
/home/travis/build/a2198699s/pitch-perfector/Code/fft_object/audioStreamer.h:17: warning: Member quit() (function) of class audioStreamer is not documented.
/home/travis/build/a2198699s/pitch-perfector/Code/fft_object/audioStreamer.h:18: warning: Member run() (function) of class audioStreamer is not documented.
/home/travis/build/a2198699s/pitch-perfector/Code/fft_object/audioStreamer.h:19: warning: Member inputData (variable) of class audioStreamer is not documented.
/home/travis/build/a2198699s/pitch-perfector/Code/fft_object/audioStreamer.h:20: warning: Member outputData (variable) of class audioStreamer is not documented.
/home/travis/build/a2198699s/pitch-perfector/Code/fft_object/audioStreamer.h:21: warning: Member inverseOut (variable) of class audioStreamer is not documented.
/home/travis/build/a2198699s/pitch-perfector/Code/oopvocoder/vocoding.cpp:61: warning: Member dispatch(fft *fourier_obj, vocoder *vocoder_obj) (function) of class dispatch is not documented.
/home/travis/build/a2198699s/pitch-perfector/Code/oopvocoder/vocoding.cpp:66: warning: Member caller(void *outputBuffer, void *inputBuffer, unsigned int nBufferFrames, double streamTime, RtAudioStreamStatus status, void *data) (function) of class dispatch is not documented.
/home/travis/build/a2198699s/pitch-perfector/Code/classfiles/dispatch.h:19: warning: Member fourierObj (variable) of class dispatch is not documented.
/home/travis/build/a2198699s/pitch-perfector/Code/classfiles/dispatch.h:20: warning: Member vocoderObj (variable) of class dispatch is not documented.
/home/travis/build/a2198699s/pitch-perfector/Code/oopvocoder/vocoding.cpp:58: warning: Member fourierPtr (variable) of class dispatch is not documented.
/home/travis/build/a2198699s/pitch-perfector/Code/oopvocoder/vocoding.cpp:59: warning: Member vocodePtr (variable) of class dispatch is not documented.
/home/travis/build/a2198699s/pitch-perfector/Code/fft_object/fft.h:37: warning: Member Dispatch(fft *fourier_obj) (function) of class Dispatch is not documented.
/home/travis/build/a2198699s/pitch-perfector/Code/fft_object/fft.h:38: warning: Member caller(void *outputBuffer, void *inputBuffer, unsigned int nBufferFrames, double streamTime, RtAudioStreamStatus status, void *data) (function) of class Dispatch is not documented.
/home/travis/build/a2198699s/pitch-perfector/Code/oopvocoder/fft.h:18: warning: Member caller(void *outputBuffer, void *inputBuffer, unsigned int nBufferFrames, double streamTime, RtAudioStreamStatus status, void *data) (function) of class Dispatch is not documented.
/home/travis/build/a2198699s/pitch-perfector/Code/fft_object/fft.h:34: warning: Member fourierPtr (variable) of class Dispatch is not documented.
/home/travis/build/a2198699s/pitch-perfector/Code/fft_object/fft.h:20: warning: Member fft(int nBufferFrames) (function) of class fft is not documented.
/home/travis/build/a2198699s/pitch-perfector/Code/fft_object/fft.h:21: warning: Member executefft(double *inputBuffer) (function) of class fft is not documented.
/home/travis/build/a2198699s/pitch-perfector/Code/fft_object/fft.h:22: warning: Member executeInverse_fft(fftw_complex *fourierSpectrum) (function) of class fft is not documented.
/home/travis/build/a2198699s/pitch-perfector/Code/fft_object/fft.h:23: warning: Member peakFinder() (function) of class fft is not documented.
/home/travis/build/a2198699s/pitch-perfector/Code/fft_object/fft.h:24: warning: Member removeComplexPart(fftw_complex *fourierSpectrum, int size) (function) of class fft is not documented.
/home/travis/build/a2198699s/pitch-perfector/Code/fft_object/fft.h:25: warning: Member findClosestNote(double notes[], int n, double target) (function) of class fft is not documented.
/home/travis/build/a2198699s/pitch-perfector/Code/fft_object/fft.h:26: warning: Member getClosest(double val1, double val2, double target) (function) of class fft is not documented.
/home/travis/build/a2198699s/pitch-perfector/Code/fft_object/fft.h:27: warning: Member FrequencyToIndex(double frequency) (function) of class fft is not documented.
/home/travis/build/a2198699s/pitch-perfector/Code/fft_object/fft.h:28: warning: Member shiftFrequencySpectrum(int shift) (function) of class fft is not documented.
/home/travis/build/a2198699s/pitch-perfector/Code/oopvocoder/fft.h:12: warning: Member fft(int nBufferFrames) (function) of class fft is not documented.
/home/travis/build/a2198699s/pitch-perfector/Code/oopvocoder/fft.h:13: warning: Member executefft(double *inputBuffer) (function) of class fft is not documented.
/home/travis/build/a2198699s/pitch-perfector/Code/oopvocoder/testSuite/fft.h:14: warning: Member fft(int nBufferFrames) (function) of class fft is not documented.
/home/travis/build/a2198699s/pitch-perfector/Code/oopvocoder/testSuite/fft.h:15: warning: Member executefft(double *inputBuffer) (function) of class fft is not documented.
/home/travis/build/a2198699s/pitch-perfector/Code/oopvocoder/testSuite/fft.h:16: warning: Member executeInverse_fft(fftw_complex *fourierSpectrum) (function) of class fft is not documented.
/home/travis/build/a2198699s/pitch-perfector/Code/oopvocoder/vocoding.cpp:32: warning: Member fft(int nBufferFrames) (function) of class fft is not documented.
/home/travis/build/a2198699s/pitch-perfector/Code/oopvocoder/vocoding.cpp:44: warning: Member executefft(double *inputBuffer) (function) of class fft is not documented.
/home/travis/build/a2198699s/pitch-perfector/Code/oopvocoder/vocoding.cpp:50: warning: Member executeInverse_fft(fftw_complex *fourierSpectrum) (function) of class fft is not documented.
/home/travis/build/a2198699s/pitch-perfector/Code/classfiles/fft.h:19: warning: Member nBufferFrames (variable) of class fft is not documented.
/home/travis/build/a2198699s/pitch-perfector/Code/classfiles/fft.h:20: warning: Member in (variable) of class fft is not documented.
/home/travis/build/a2198699s/pitch-perfector/Code/classfiles/fft.h:21: warning: Member out (variable) of class fft is not documented.
/home/travis/build/a2198699s/pitch-perfector/Code/classfiles/fft.h:22: warning: Member inverse_in (variable) of class fft is not documented.
/home/travis/build/a2198699s/pitch-perfector/Code/classfiles/fft.h:23: warning: Member inverse_out (variable) of class fft is not documented.
/home/travis/build/a2198699s/pitch-perfector/Code/classfiles/fft.h:24: warning: Member my_plan (variable) of class fft is not documented.
/home/travis/build/a2198699s/pitch-perfector/Code/classfiles/fft.h:25: warning: Member inverse_plan (variable) of class fft is not documented.
/home/travis/build/a2198699s/pitch-perfector/Code/fft_object/fft.h:10: warning: Member in[AUDIO_BUFFER_SIZE] (variable) of class fft is not documented.
/home/travis/build/a2198699s/pitch-perfector/Code/fft_object/fft.h:11: warning: Member out[FFT_BUFFER_SIZE] (variable) of class fft is not documented.
/home/travis/build/a2198699s/pitch-perfector/Code/fft_object/fft.h:12: warning: Member inverse_in[FFT_BUFFER_SIZE] (variable) of class fft is not documented.
/home/travis/build/a2198699s/pitch-perfector/Code/fft_object/fft.h:13: warning: Member inverse_out[AUDIO_BUFFER_SIZE] (variable) of class fft is not documented.
/home/travis/build/a2198699s/pitch-perfector/Code/fft_object/fft.h:16: warning: Member frequencyResolution (variable) of class fft is not documented.
/home/travis/build/a2198699s/pitch-perfector/Code/fft_object/fft.h:17: warning: Member maxinput (variable) of class fft is not documented.
/home/travis/build/a2198699s/pitch-perfector/Code/oopvocoder/fft.h:9: warning: Member flag (variable) of class fft is not documented.
/home/travis/build/a2198699s/pitch-perfector/Code/fft_object/vocoder.h:22: warning: Member Vocoder(int samplerate_input, int bufferSize_input, const float scaleFreqs_input[]) (function) of class Vocoder is not documented.
/home/travis/build/a2198699s/pitch-perfector/Code/fft_object/vocoder.h:23: warning: Member binary_search(const float *NotesInKey, float *note, int highest_index, int lowest_index) (function) of class Vocoder is not documented.
/home/travis/build/a2198699s/pitch-perfector/Code/fft_object/vocoder.h:24: warning: Member noteFinder(const float *NotesInKey, float *note) (function) of class Vocoder is not documented.
/home/travis/build/a2198699s/pitch-perfector/Code/fft_object/vocoder.h:25: warning: Member SampleToFreq(int sample) (function) of class Vocoder is not documented.
/home/travis/build/a2198699s/pitch-perfector/Code/fft_object/vocoder.h:26: warning: Member NearestNote(float *freq) (function) of class Vocoder is not documented.
/home/travis/build/a2198699s/pitch-perfector/Code/fft_object/vocoder.h:28: warning: Member pitchShift() (function) of class Vocoder is not documented.
/home/travis/build/a2198699s/pitch-perfector/Code/fft_object/vocoder.h:11: warning: Member baseFreq (variable) of class Vocoder is not documented.
/home/travis/build/a2198699s/pitch-perfector/Code/fft_object/vocoder.h:12: warning: Member baseSample (variable) of class Vocoder is not documented.
/home/travis/build/a2198699s/pitch-perfector/Code/fft_object/vocoder.h:13: warning: Member samplerate (variable) of class Vocoder is not documented.
/home/travis/build/a2198699s/pitch-perfector/Code/fft_object/vocoder.h:14: warning: Member bufferSize (variable) of class Vocoder is not documented.
/home/travis/build/a2198699s/pitch-perfector/Code/fft_object/vocoder.h:15: warning: Member binDifference (variable) of class Vocoder is not documented.
/home/travis/build/a2198699s/pitch-perfector/Code/fft_object/vocoder.h:16: warning: Member FreqRes (variable) of class Vocoder is not documented.
/home/travis/build/a2198699s/pitch-perfector/Code/fft_object/vocoder.h:17: warning: Member scaleFreqs (variable) of class Vocoder is not documented.
/home/travis/build/a2198699s/pitch-perfector/Code/fft_object/vocoder.h:18: warning: Member newFreq (variable) of class Vocoder is not documented.
/home/travis/build/a2198699s/pitch-perfector/Code/fft_object/vocoder.h:19: warning: Member Note (variable) of class Vocoder is not documented.
/home/travis/build/a2198699s/pitch-perfector/Code/fft_object/vocoder.h:20: warning: Member FourierTransform (variable) of class Vocoder is not documented.
/home/travis/build/a2198699s/pitch-perfector/Code/classfiles/vocoder.h:29: warning: Member vocoder(int samplerate_input, int bufferSize_input, const float *scaleFreqs_input) (function) of class vocoder is not documented.
/home/travis/build/a2198699s/pitch-perfector/Code/classfiles/vocoder.h:30: warning: Member binary_search(const float *NotesInKey, float *note, int highest_index, int lowest_index) (function) of class vocoder is not documented.
/home/travis/build/a2198699s/pitch-perfector/Code/classfiles/vocoder.h:31: warning: Member noteFinder(const float *NotesInKey, float *note) (function) of class vocoder is not documented.
/home/travis/build/a2198699s/pitch-perfector/Code/classfiles/vocoder.h:32: warning: Member SampleToFreq(int sample) (function) of class vocoder is not documented.
/home/travis/build/a2198699s/pitch-perfector/Code/classfiles/vocoder.h:34: warning: Member pitchShift() (function) of class vocoder is not documented.
/home/travis/build/a2198699s/pitch-perfector/Code/oopvocoder/testSuite/vocoder.h:17: warning: Member vocoder(int samplerate_input, int bufferSize_input, const float *scaleFreqs_input) (function) of class vocoder is not documented.
/home/travis/build/a2198699s/pitch-perfector/Code/oopvocoder/testSuite/vocoder.h:18: warning: Member binary_search(const float *NotesInKey, float *note, int highest_index, int lowest_index) (function) of class vocoder is not documented.
/home/travis/build/a2198699s/pitch-perfector/Code/oopvocoder/testSuite/vocoder.h:19: warning: Member noteFinder(const float *NotesInKey, float *note) (function) of class vocoder is not documented.
/home/travis/build/a2198699s/pitch-perfector/Code/oopvocoder/testSuite/vocoder.h:20: warning: Member SampleToFreq(int sample) (function) of class vocoder is not documented.
/home/travis/build/a2198699s/pitch-perfector/Code/oopvocoder/testSuite/vocoder.h:21: warning: Member pitchShift_setup(fftw_complex *fft_spectrum) (function) of class vocoder is not documented.
/home/travis/build/a2198699s/pitch-perfector/Code/oopvocoder/testSuite/vocoder.h:22: warning: Member pitchShift() (function) of class vocoder is not documented.
/home/travis/build/a2198699s/pitch-perfector/Code/oopvocoder/vocoder.h:19: warning: Member vocoder(int samplerate_input, int bufferSize_input, void *scaleFreqs_input) (function) of class vocoder is not documented.
/home/travis/build/a2198699s/pitch-perfector/Code/oopvocoder/vocoder.h:22: warning: Member SampleToFreq(int sample) (function) of class vocoder is not documented.
/home/travis/build/a2198699s/pitch-perfector/Code/oopvocoder/vocoder.h:23: warning: Member NearestNote(float *freq) (function) of class vocoder is not documented.
/home/travis/build/a2198699s/pitch-perfector/Code/oopvocoder/vocoder.h:24: warning: Member pitchShift_setup(fftw_complex *fft_spectrum) (function) of class vocoder is not documented.
/home/travis/build/a2198699s/pitch-perfector/Code/oopvocoder/vocoder.h:25: warning: Member pitchShift() (function) of class vocoder is not documented.
/home/travis/build/a2198699s/pitch-perfector/Code/oopvocoder/vocoder.h:20: warning: Member binary_search(const float *NotesInKey, float *note, int highest_index, int lowest_index) (function) of class vocoder is not documented.
/home/travis/build/a2198699s/pitch-perfector/Code/oopvocoder/vocoder.h:21: warning: Member noteFinder(const float *NotesInKey, float *note) (function) of class vocoder is not documented.
/home/travis/build/a2198699s/pitch-perfector/Code/classfiles/vocoder.h:17: warning: Member baseFreq (variable) of class vocoder is not documented.
/home/travis/build/a2198699s/pitch-perfector/Code/classfiles/vocoder.h:18: warning: Member baseSample (variable) of class vocoder is not documented.
/home/travis/build/a2198699s/pitch-perfector/Code/classfiles/vocoder.h:19: warning: Member samplerate (variable) of class vocoder is not documented.
/home/travis/build/a2198699s/pitch-perfector/Code/classfiles/vocoder.h:20: warning: Member bufferSize (variable) of class vocoder is not documented.
/home/travis/build/a2198699s/pitch-perfector/Code/classfiles/vocoder.h:21: warning: Member FreqRes (variable) of class vocoder is not documented.
/home/travis/build/a2198699s/pitch-perfector/Code/classfiles/vocoder.h:22: warning: Member scaleFreqs (variable) of class vocoder is not documented.
/home/travis/build/a2198699s/pitch-perfector/Code/classfiles/vocoder.h:23: warning: Member newFreq (variable) of class vocoder is not documented.
/home/travis/build/a2198699s/pitch-perfector/Code/classfiles/vocoder.h:24: warning: Member difference (variable) of class vocoder is not documented.
/home/travis/build/a2198699s/pitch-perfector/Code/classfiles/vocoder.h:25: warning: Member binDifference (variable) of class vocoder is not documented.
/home/travis/build/a2198699s/pitch-perfector/Code/classfiles/vocoder.h:26: warning: Member FourierTransform (variable) of class vocoder is not documented.
/home/travis/build/a2198699s/pitch-perfector/Code/classfiles/vocoder.h:27: warning: Member RealFourier (variable) of class vocoder is not documented.
/home/travis/build/a2198699s/pitch-perfector/Code/oopvocoder/vocoder.h:13: warning: Member scaleFreqs (variable) of class vocoder is not documented.
/home/travis/build/a2198699s/pitch-perfector/Code/fft_object/window.h:26: warning: Member setGain(double gain) (slot) of class Window is not documented.
/home/travis/build/a2198699s/pitch-perfector/Code/fft_object/window.h:24: warning: Member timerEvent(QTimerEvent *) (function) of class Window is not documented.
.
Parsing file /home/travis/build/a2198699s/pitch-perfector/Code/oopvocoder/vocoding.cpp...
Reading /home/travis/build/a2198699s/pitch-perfector/Code/Readme.md...
Preprocessing /home/travis/build/a2198699s/pitch-perfector/Code/rtaudio_probes/probe_api/RtAudio_API.cpp...
Parsing file /home/travis/build/a2198699s/pitch-perfector/Code/rtaudio_probes/probe_api/RtAudio_API.cpp...
Preprocessing /home/travis/build/a2198699s/pitch-perfector/Code/rtaudio_probes/probe_devices/audioprobe.cpp...
Parsing file /home/travis/build/a2198699s/pitch-perfector/Code/rtaudio_probes/probe_devices/audioprobe.cpp...
Building group list...
Building directory list...
Building namespace list...
Building file list...
Building class list...
Associating documentation with classes...
Computing nesting relations for classes...
Building example list...
Searching for enumerations...
Searching for documented typedefs...
Searching for members imported via using declarations...
Searching for included using directives...
Searching for documented variables...
Building interface member list...
Building member list...
Searching for friends...
Searching for documented defines...
Computing class inheritance relations...
Computing class usage relations...
Flushing cached template relations that have become invalid...
Creating members for template instances...
Computing class relations...
Add enum values to enums...
Searching for member function documentation...
Building page list...
Search for main page...
Computing page relations...
Determining the scope of groups...
Sorting lists...
Freeing entry tree
Determining which enums are documented
Computing member relations...
Building full member lists recursively...
Adding members to member groups.
Computing member references...
Inheriting documentation...
Generating disk names...
Adding source references...
Adding xrefitems...
Sorting member lists...
Computing dependencies between directories...
Generating citations page...
Counting data structures...
Resolving user defined references...
Finding anchors and sections in the documentation...
Transferring function references...
Combining using relations...
Adding members to index pages...
Generating style sheet...
Generating search indices...
Generating example documentation...
Generating file sources...
Generating code for file /home/travis/build/a2198699s/pitch-perfector/Code/classfiles/dispatch.h...
Generating code for file /home/travis/build/a2198699s/pitch-perfector/Code/classfiles/fft.h...
Generating code for file /home/travis/build/a2198699s/pitch-perfector/Code/fft_object/fft.h...
Generating code for file /home/travis/build/a2198699s/pitch-perfector/Code/oopvocoder/fft.h...
Generating code for file /home/travis/build/a2198699s/pitch-perfector/Code/oopvocoder/testSuite/fft.h...
Generating code for file /home/travis/build/a2198699s/pitch-perfector/Code/classfiles/vocoder.h...
Generating code for file /home/travis/build/a2198699s/pitch-perfector/Code/fft_object/vocoder.h...
Generating code for file /home/travis/build/a2198699s/pitch-perfector/Code/oopvocoder/testSuite/vocoder.h...
Generating code for file /home/travis/build/a2198699s/pitch-perfector/Code/oopvocoder/vocoder.h...
Generating code for file /home/travis/build/a2198699s/pitch-perfector/Code/fft_object/audioStreamer.h...
Generating code for file /home/travis/build/a2198699s/pitch-perfector/Code/fft_object/helper.h...
Generating code for file /home/travis/build/a2198699s/pitch-perfector/Code/fft_object/Iir.h...
Generating code for file /home/travis/build/a2198699s/pitch-perfector/Code/fft_object/window.h...
Generating file documentation...
Generating page documentation...
Generating docs for page md__home_travis_build_a2198699s_pitch-perfector_Code_Readme...
Generating group documentation...
Generating class documentation...
Generating docs for compound audioStreamer...
Generating docs for compound dispatch...
Generating docs for compound Dispatch...
Generating docs for compound fft...
Generating docs for compound Vocoder...
Generating docs for compound vocoder...
Generating docs for compound Window...
Generating namespace index...
Generating graph info page...
Generating directory documentation...
Generating index page...
Generating page index...
Generating module index...
Generating namespace index...
Generating namespace member index...
Generating annotated compound index...
Generating alphabetical compound index...
Generating hierarchical class index...
Generating member index...
Generating file index...
Generating file member index...
Generating example index...
finalizing index lists...
lookup cache used 149/65536 hits=698 misses=151
finished...
